<?xml version="1.0" encoding="UTF-8"?>
<!-- Generated by org.testng.reporters.JUnitXMLReporter -->
<testsuite ignored="2" hostname="DESKTOP-V39QH6A" failures="0" tests="2" name="Test" time="60.286" errors="0" timestamp="2022-07-07T08:14:56 IST">
  <testcase classname="com.ob.tests.creatingUser" name="createUser" time="20.409"/>
  <testcase classname="com.ob.tests.DepositAmount" name="depositAmount" time="29.858"/>
  <testcase classname="com.ob.BaseTest.baseTest" name="@BeforeSuite initializeReport" time="0.0">
    <ignored/>
  </testcase> <!-- @BeforeSuite initializeReport -->
  <testcase classname="com.ob.BaseTest.baseTest" name="@AfterSuite closeReport" time="0.0">
    <ignored/>
  </testcase> <!-- @AfterSuite closeReport -->
</testsuite> <!-- Test -->
